App/build/intermediates/manifest_merge_blame_file/debug/manifest-merger-blame-debug-report.txt
1<?xml version="1.0" encoding="utf-8"?>
2<manifest xmlns:android="http://schemas.android.com/apk/res/android"
3    package="com.kotlin.mall"
4    android:versionCode="1"
5    android:versionName="1.0" >
6
7    <uses-sdk
8        android:minSdkVersion="15"
8-->src\main\AndroidManifest.xml
9        android:targetSdkVersion="26" />
9-->src\main\AndroidManifest.xml
10
11    <uses-permission android:name="android.permission.KILL_BACKGROUND_PROCESSES" />
11-->[:UserCenter] AndroidManifest.xml:11:5-84
11-->[:UserCenter] AndroidManifest.xml:11:22-81
12    <uses-permission android:name="android.permission.ACCESS_NETWORK_STATE" />
12-->[:UserCenter] AndroidManifest.xml:12:5-79
12-->[:UserCenter] AndroidManifest.xml:12:22-76
13    <uses-permission android:name="android.permission.INTERNET" />
13-->[:PaySDK] AndroidManifest.xml:11:5-67
13-->[:PaySDK] AndroidManifest.xml:11:22-64
14    <uses-permission android:name="android.permission.ACCESS_WIFI_STATE" />
14-->[:PaySDK] AndroidManifest.xml:13:5-76
14-->[:PaySDK] AndroidManifest.xml:13:22-73
15    <uses-permission android:name="android.permission.READ_PHONE_STATE" />
15-->[:PaySDK] AndroidManifest.xml:14:5-75
15-->[:PaySDK] AndroidManifest.xml:14:22-72
16    <uses-permission android:name="android.permission.WRITE_EXTERNAL_STORAGE" />
16-->[:PaySDK] AndroidManifest.xml:15:5-81
16-->[:PaySDK] AndroidManifest.xml:15:22-78
17    <uses-permission android:name="android.permission.READ_EXTERNAL_STORAGE" />
18
19    <permission
19-->[cn.jiguang.sdk:jpush:3.0.9] AndroidManifest.xml:11:5-13:47
20        android:name="com.kotlin.mall.permission.JPUSH_MESSAGE"
20-->[cn.jiguang.sdk:jpush:3.0.9] AndroidManifest.xml:12:9-65
21        android:protectionLevel="signature" /> <!-- Required  一些系统要求的权限，如访问网络等 -->
21-->[cn.jiguang.sdk:jpush:3.0.9] AndroidManifest.xml:13:9-44
22    <uses-permission android:name="com.kotlin.mall.permission.JPUSH_MESSAGE" />
22-->[cn.jiguang.sdk:jpush:3.0.9] AndroidManifest.xml:16:5-81
22-->[cn.jiguang.sdk:jpush:3.0.9] AndroidManifest.xml:16:22-78
23    <uses-permission android:name="android.permission.RECEIVE_USER_PRESENT" />
23-->[cn.jiguang.sdk:jpush:3.0.9] AndroidManifest.xml:17:5-79
23-->[cn.jiguang.sdk:jpush:3.0.9] AndroidManifest.xml:17:22-76
24    <uses-permission android:name="android.permission.WAKE_LOCK" />
24-->[cn.jiguang.sdk:jpush:3.0.9] AndroidManifest.xml:19:5-68
24-->[cn.jiguang.sdk:jpush:3.0.9] AndroidManifest.xml:19:22-65
25    <uses-permission android:name="android.permission.WRITE_SETTINGS" />
25-->[cn.jiguang.sdk:jpush:3.0.9] AndroidManifest.xml:23:5-73
25-->[cn.jiguang.sdk:jpush:3.0.9] AndroidManifest.xml:23:22-70
26    <uses-permission android:name="android.permission.VIBRATE" />
26-->[cn.jiguang.sdk:jpush:3.0.9] AndroidManifest.xml:24:5-66
26-->[cn.jiguang.sdk:jpush:3.0.9] AndroidManifest.xml:24:22-63
27    <uses-permission android:name="android.permission.MOUNT_UNMOUNT_FILESYSTEMS" /> <!-- Optional for location -->
27-->[cn.jiguang.sdk:jpush:3.0.9] AndroidManifest.xml:25:5-84
27-->[cn.jiguang.sdk:jpush:3.0.9] AndroidManifest.xml:25:22-81
28    <uses-permission android:name="android.permission.SYSTEM_ALERT_WINDOW" /> <!-- 用于开启 debug 版本的应用在6.0 系统上 层叠窗口权限 -->
28-->[cn.jiguang.sdk:jpush:3.0.9] AndroidManifest.xml:30:5-78
28-->[cn.jiguang.sdk:jpush:3.0.9] AndroidManifest.xml:30:22-75
29    <uses-permission android:name="android.permission.ACCESS_COARSE_LOCATION" />
29-->[cn.jiguang.sdk:jpush:3.0.9] AndroidManifest.xml:31:5-81
29-->[cn.jiguang.sdk:jpush:3.0.9] AndroidManifest.xml:31:22-78
30    <uses-permission android:name="android.permission.CHANGE_WIFI_STATE" />
30-->[cn.jiguang.sdk:jpush:3.0.9] AndroidManifest.xml:32:5-76
30-->[cn.jiguang.sdk:jpush:3.0.9] AndroidManifest.xml:32:22-73
31    <uses-permission android:name="android.permission.ACCESS_FINE_LOCATION" />
31-->[cn.jiguang.sdk:jpush:3.0.9] AndroidManifest.xml:33:5-79
31-->[cn.jiguang.sdk:jpush:3.0.9] AndroidManifest.xml:33:22-76
32    <uses-permission android:name="android.permission.ACCESS_LOCATION_EXTRA_COMMANDS" />
32-->[cn.jiguang.sdk:jpush:3.0.9] AndroidManifest.xml:34:5-89
32-->[cn.jiguang.sdk:jpush:3.0.9] AndroidManifest.xml:34:22-86
33    <uses-permission android:name="android.permission.CHANGE_NETWORK_STATE" />
33-->[cn.jiguang.sdk:jpush:3.0.9] AndroidManifest.xml:35:5-79
33-->[cn.jiguang.sdk:jpush:3.0.9] AndroidManifest.xml:35:22-76
34
35    <meta-data
35-->[com.android.support:design:25.3.1] AndroidManifest.xml:25:5-27:34
36        android:name="android.support.VERSION"
36-->[com.android.support:design:25.3.1] AndroidManifest.xml:26:9-47
37        android:value="25.3.1" />
37-->[com.android.support:design:25.3.1] AndroidManifest.xml:27:9-31
38
39    <uses-permission android:name="android.permission.CAMERA" />
39-->[com.jph.takephoto:takephoto_library:4.0.3] AndroidManifest.xml:12:5-65
39-->[com.jph.takephoto:takephoto_library:4.0.3] AndroidManifest.xml:12:22-62
40
41    <application
41-->src\main\AndroidManifest.xml:5:5-24:19
42        android:name="com.kotlin.mall.common.MainApplication"
42-->src\main\AndroidManifest.xml:12:13-51
43        android:allowBackup="true"
43-->src\main\AndroidManifest.xml:6:13-39
44        android:debuggable="true"
45        android:icon="@mipmap/ic_launcher"
45-->src\main\AndroidManifest.xml:7:13-47
46        android:label="@string/app_name"
46-->src\main\AndroidManifest.xml:8:13-45
47        android:roundIcon="@mipmap/ic_launcher_round"
47-->src\main\AndroidManifest.xml:9:13-58
48        android:supportsRtl="true"
48-->src\main\AndroidManifest.xml:10:13-39
49        android:testOnly="true"
50        android:theme="@style/AppTheme" >
50-->src\main\AndroidManifest.xml:11:13-44
51        <activity android:name="com.kotlin.mall.ui.activity.MainActivity" >
51-->src\main\AndroidManifest.xml:14:9-20:20
51-->src\main\AndroidManifest.xml:14:19-59
52            <intent-filter>
52-->src\main\AndroidManifest.xml:15:13-19:29
53                <action android:name="android.intent.action.MAIN" />
53-->src\main\AndroidManifest.xml:16:17-68
53-->src\main\AndroidManifest.xml:16:25-66
54
55                <category android:name="android.intent.category.LAUNCHER" />
55-->src\main\AndroidManifest.xml:18:17-76
55-->src\main\AndroidManifest.xml:18:27-74
56            </intent-filter>
57        </activity>
58        <activity android:name="com.kotlin.mall.ui.activity.SettingActivity" />
58-->src\main\AndroidManifest.xml:22:9-64
58-->src\main\AndroidManifest.xml:22:19-62
59        <activity android:name="com.kotlin.user.ui.activity.RegisterActivity" />
59-->[:UserCenter] AndroidManifest.xml:18:9-81
59-->[:UserCenter] AndroidManifest.xml:18:19-78
60        <activity android:name="com.kotlin.user.ui.activity.LoginActivity" />
60-->[:UserCenter] AndroidManifest.xml:19:9-78
60-->[:UserCenter] AndroidManifest.xml:19:19-75
61        <activity android:name="com.kotlin.user.ui.activity.ForgetPwdActivity" />
61-->[:UserCenter] AndroidManifest.xml:20:9-82
61-->[:UserCenter] AndroidManifest.xml:20:19-79
62        <activity android:name="com.kotlin.user.ui.activity.ResetPwdActivity" />
62-->[:UserCenter] AndroidManifest.xml:21:9-81
62-->[:UserCenter] AndroidManifest.xml:21:19-78
63        <activity android:name="com.kotlin.user.ui.activity.UserInfoActivity" />
63-->[:UserCenter] AndroidManifest.xml:22:9-81
63-->[:UserCenter] AndroidManifest.xml:22:19-78
64
65        <receiver
65-->[:MessageCenter] AndroidManifest.xml:16:9-29:20
66            android:name="com.kotlin.message.receiver.MessageReceiver"
66-->[:MessageCenter] AndroidManifest.xml:17:13-71
67            android:enabled="true" >
67-->[:MessageCenter] AndroidManifest.xml:18:13-35
68            <intent-filter>
68-->[:MessageCenter] AndroidManifest.xml:19:13-28:29
69                <action android:name="cn.jpush.android.intent.REGISTRATION" />
69-->[:MessageCenter] AndroidManifest.xml:20:17-79
69-->[:MessageCenter] AndroidManifest.xml:20:25-76
70                <action android:name="cn.jpush.android.intent.MESSAGE_RECEIVED" />
70-->[:MessageCenter] AndroidManifest.xml:21:17-83
70-->[:MessageCenter] AndroidManifest.xml:21:25-80
71                <action android:name="cn.jpush.android.intent.NOTIFICATION_RECEIVED" />
71-->[:MessageCenter] AndroidManifest.xml:22:17-88
71-->[:MessageCenter] AndroidManifest.xml:22:25-85
72                <action android:name="cn.jpush.android.intent.NOTIFICATION_OPENED" />
72-->[:MessageCenter] AndroidManifest.xml:23:17-86
72-->[:MessageCenter] AndroidManifest.xml:23:25-83
73                <action android:name="cn.jpush.android.intent.NOTIFICATION_CLICK_ACTION" />
73-->[:MessageCenter] AndroidManifest.xml:24:17-92
73-->[:MessageCenter] AndroidManifest.xml:24:25-89
74                <action android:name="cn.jpush.android.intent.CONNECTION" />
74-->[:MessageCenter] AndroidManifest.xml:25:17-77
74-->[:MessageCenter] AndroidManifest.xml:25:25-74
75
76                <category android:name="com.kotlin.mall" />
76-->[:MessageCenter] AndroidManifest.xml:27:17-60
76-->[:MessageCenter] AndroidManifest.xml:27:27-57
77            </intent-filter>
78        </receiver>
79
80        <meta-data
80-->[:MessageCenter] AndroidManifest.xml:31:9-34:45
81            android:name="JPUSH_APPKEY"
81-->[:MessageCenter] AndroidManifest.xml:32:13-40
82            android:value="7f3d74ec9161e033d723f585" />
82-->[:MessageCenter] AndroidManifest.xml:33:13-53
83        <meta-data
83-->[:MessageCenter] AndroidManifest.xml:35:9-38:45
84            android:name="JPUSH_CHANNEL"
84-->[:MessageCenter] AndroidManifest.xml:36:13-41
85            android:value="developer-default" />
85-->[:MessageCenter] AndroidManifest.xml:37:13-46
86
87        <activity android:name="com.kotlin.goods.ui.activity.GoodsActivity" />
87-->[:GoodsCenter] AndroidManifest.xml:15:9-79
87-->[:GoodsCenter] AndroidManifest.xml:15:19-76
88        <activity android:name="com.kotlin.goods.ui.activity.SearchGoodsActivity" />
88-->[:GoodsCenter] AndroidManifest.xml:16:9-85
88-->[:GoodsCenter] AndroidManifest.xml:16:19-82
89        <activity
89-->[:GoodsCenter] AndroidManifest.xml:17:9-19:53
90            android:name="com.kotlin.goods.ui.activity.GoodsDetailActivity"
90-->[:GoodsCenter] AndroidManifest.xml:18:13-76
91            android:theme="@style/AppTheme.Black" />
91-->[:GoodsCenter] AndroidManifest.xml:19:13-50
92        <activity android:name="com.kotlin.goods.ui.activity.CartActivity" />
92-->[:GoodsCenter] AndroidManifest.xml:20:9-78
92-->[:GoodsCenter] AndroidManifest.xml:20:19-75
93        <activity android:name="com.kotlin.order.ui.activity.OrderConfirmActivity" />
93-->[:OrderCenter] AndroidManifest.xml:15:9-86
93-->[:OrderCenter] AndroidManifest.xml:15:19-83
94        <activity android:name="com.kotlin.order.ui.activity.ShipAddressActivity" />
94-->[:OrderCenter] AndroidManifest.xml:16:9-85
94-->[:OrderCenter] AndroidManifest.xml:16:19-82
95        <activity android:name="com.kotlin.order.ui.activity.ShipAddressEditActivity" />
95-->[:OrderCenter] AndroidManifest.xml:17:9-89
95-->[:OrderCenter] AndroidManifest.xml:17:19-86
96        <activity android:name="com.kotlin.order.ui.activity.OrderActivity" />
96-->[:OrderCenter] AndroidManifest.xml:18:9-79
96-->[:OrderCenter] AndroidManifest.xml:18:19-76
97        <activity android:name="com.kotlin.order.ui.activity.OrderDetailActivity" />
97-->[:OrderCenter] AndroidManifest.xml:19:9-85
97-->[:OrderCenter] AndroidManifest.xml:19:19-82
98        <activity
98-->[:PaySDK] AndroidManifest.xml:21:9-27:20
99            android:name="com.alipay.sdk.app.H5PayActivity"
99-->[:PaySDK] AndroidManifest.xml:22:13-60
100            android:configChanges="orientation|keyboardHidden|navigation|screenSize"
100-->[:PaySDK] AndroidManifest.xml:23:13-85
101            android:exported="false"
101-->[:PaySDK] AndroidManifest.xml:24:13-37
102            android:screenOrientation="behind"
102-->[:PaySDK] AndroidManifest.xml:25:13-47
103            android:windowSoftInputMode="adjustResize|stateHidden" >
103-->[:PaySDK] AndroidManifest.xml:26:13-67
104        </activity>
105        <activity
105-->[:PaySDK] AndroidManifest.xml:28:9-34:20
106            android:name="com.alipay.sdk.app.H5AuthActivity"
106-->[:PaySDK] AndroidManifest.xml:29:13-61
107            android:configChanges="orientation|keyboardHidden|navigation"
107-->[:PaySDK] AndroidManifest.xml:30:13-74
108            android:exported="false"
108-->[:PaySDK] AndroidManifest.xml:31:13-37
109            android:screenOrientation="behind"
109-->[:PaySDK] AndroidManifest.xml:32:13-47
110            android:windowSoftInputMode="adjustResize|stateHidden" >
110-->[:PaySDK] AndroidManifest.xml:33:13-67
111        </activity>
112        <activity android:name="com.kotlin.pay.ui.activity.CashRegisterActivity" /> <!-- Rich push 核心功能 since 2.0.6 -->
112-->[:PaySDK] AndroidManifest.xml:35:9-84
112-->[:PaySDK] AndroidManifest.xml:35:19-81
113        <activity
113-->[cn.jiguang.sdk:jpush:3.0.9] AndroidManifest.xml:40:9-43:52
114            android:name="cn.jpush.android.ui.PopWinActivity"
114-->[cn.jiguang.sdk:jpush:3.0.9] AndroidManifest.xml:41:13-62
115            android:exported="false"
115-->[cn.jiguang.sdk:jpush:3.0.9] AndroidManifest.xml:42:13-37
116            android:theme="@style/MyDialogStyle" /> <!-- Required SDK核心功能 -->
116-->[cn.jiguang.sdk:jpush:3.0.9] AndroidManifest.xml:43:13-49
117        <activity
117-->[cn.jiguang.sdk:jpush:3.0.9] AndroidManifest.xml:46:9-57:20
118            android:name="cn.jpush.android.ui.PushActivity"
118-->[cn.jiguang.sdk:jpush:3.0.9] AndroidManifest.xml:47:13-60
119            android:configChanges="orientation|keyboardHidden"
119-->[cn.jiguang.sdk:jpush:3.0.9] AndroidManifest.xml:48:13-63
120            android:exported="false"
120-->[cn.jiguang.sdk:jpush:3.0.9] AndroidManifest.xml:49:13-37
121            android:theme="@android:style/Theme.NoTitleBar" >
121-->[cn.jiguang.sdk:jpush:3.0.9] AndroidManifest.xml:50:13-60
122            <intent-filter>
122-->[cn.jiguang.sdk:jpush:3.0.9] AndroidManifest.xml:51:13-56:29
123                <action android:name="cn.jpush.android.ui.PushActivity" />
123-->[cn.jiguang.sdk:jpush:3.0.9] AndroidManifest.xml:52:17-75
123-->[cn.jiguang.sdk:jpush:3.0.9] AndroidManifest.xml:52:25-72
124
125                <category android:name="android.intent.category.DEFAULT" />
125-->[cn.jiguang.sdk:jpush:3.0.9] AndroidManifest.xml:54:17-76
125-->[cn.jiguang.sdk:jpush:3.0.9] AndroidManifest.xml:54:27-73
126                <category android:name="com.kotlin.mall" />
126-->[:MessageCenter] AndroidManifest.xml:27:17-60
126-->[:MessageCenter] AndroidManifest.xml:27:27-57
127            </intent-filter>
128        </activity> <!-- Required SDK 核心功能 -->
129        <!-- 可配置android:process参数将PushService放在其他进程中 -->
130        <service
130-->[cn.jiguang.sdk:jpush:3.0.9] AndroidManifest.xml:60:9-71:19
131            android:name="cn.jpush.android.service.PushService"
131-->[cn.jiguang.sdk:jpush:3.0.9] AndroidManifest.xml:61:13-64
132            android:enabled="true"
132-->[cn.jiguang.sdk:jpush:3.0.9] AndroidManifest.xml:62:13-35
133            android:exported="false"
133-->[cn.jiguang.sdk:jpush:3.0.9] AndroidManifest.xml:63:13-37
134            android:process=":pushcore" >
134-->[cn.jiguang.sdk:jpush:3.0.9] AndroidManifest.xml:64:13-40
135            <intent-filter>
135-->[cn.jiguang.sdk:jpush:3.0.9] AndroidManifest.xml:65:13-70:29
136                <action android:name="cn.jpush.android.intent.REGISTER" />
136-->[cn.jiguang.sdk:jpush:3.0.9] AndroidManifest.xml:66:17-75
136-->[cn.jiguang.sdk:jpush:3.0.9] AndroidManifest.xml:66:25-72
137                <action android:name="cn.jpush.android.intent.REPORT" />
137-->[cn.jiguang.sdk:jpush:3.0.9] AndroidManifest.xml:67:17-73
137-->[cn.jiguang.sdk:jpush:3.0.9] AndroidManifest.xml:67:25-70
138                <action android:name="cn.jpush.android.intent.PushService" />
138-->[cn.jiguang.sdk:jpush:3.0.9] AndroidManifest.xml:68:17-78
138-->[cn.jiguang.sdk:jpush:3.0.9] AndroidManifest.xml:68:25-75
139                <action android:name="cn.jpush.android.intent.PUSH_TIME" />
139-->[cn.jiguang.sdk:jpush:3.0.9] AndroidManifest.xml:69:17-76
139-->[cn.jiguang.sdk:jpush:3.0.9] AndroidManifest.xml:69:25-73
140            </intent-filter>
141        </service> <!-- since 1.8.0 option 可选项。用于同一设备中不同应用的JPush服务相互拉起的功能。 -->
142        <!-- 若不启用该功能可删除该组件，将不拉起其他应用也不能被其他应用拉起 -->
143        <service
143-->[cn.jiguang.sdk:jpush:3.0.9] AndroidManifest.xml:75:9-84:19
144            android:name="cn.jpush.android.service.DaemonService"
144-->[cn.jiguang.sdk:jpush:3.0.9] AndroidManifest.xml:76:13-66
145            android:enabled="true"
145-->[cn.jiguang.sdk:jpush:3.0.9] AndroidManifest.xml:77:13-35
146            android:exported="true" >
146-->[cn.jiguang.sdk:jpush:3.0.9] AndroidManifest.xml:78:13-36
147            <intent-filter>
147-->[cn.jiguang.sdk:jpush:3.0.9] AndroidManifest.xml:79:13-83:29
148                <action android:name="cn.jpush.android.intent.DaemonService" />
148-->[cn.jiguang.sdk:jpush:3.0.9] AndroidManifest.xml:80:17-80
148-->[cn.jiguang.sdk:jpush:3.0.9] AndroidManifest.xml:80:25-77
149
150                <category android:name="com.kotlin.mall" />
150-->[:MessageCenter] AndroidManifest.xml:27:17-60
150-->[:MessageCenter] AndroidManifest.xml:27:27-57
151            </intent-filter>
152        </service> <!-- Required SDK核心功能 -->
153        <receiver
153-->[cn.jiguang.sdk:jpush:3.0.9] AndroidManifest.xml:87:9-106:20
154            android:name="cn.jpush.android.service.PushReceiver"
154-->[cn.jiguang.sdk:jpush:3.0.9] AndroidManifest.xml:88:13-65
155            android:enabled="true"
155-->[cn.jiguang.sdk:jpush:3.0.9] AndroidManifest.xml:89:13-35
156            android:exported="false" >
156-->[cn.jiguang.sdk:jpush:3.0.9] AndroidManifest.xml:90:13-37
157            <intent-filter android:priority="1000" >
157-->[cn.jiguang.sdk:jpush:3.0.9] AndroidManifest.xml:91:13-94:29
157-->[cn.jiguang.sdk:jpush:3.0.9] AndroidManifest.xml:91:28-51
158                <action android:name="cn.jpush.android.intent.NOTIFICATION_RECEIVED_PROXY" /> <!-- Required  显示通知栏 -->
158-->[cn.jiguang.sdk:jpush:3.0.9] AndroidManifest.xml:92:17-94
158-->[cn.jiguang.sdk:jpush:3.0.9] AndroidManifest.xml:92:25-91
159                <category android:name="com.kotlin.mall" />
159-->[:MessageCenter] AndroidManifest.xml:27:17-60
159-->[:MessageCenter] AndroidManifest.xml:27:27-57
160            </intent-filter>
161            <intent-filter>
161-->[cn.jiguang.sdk:jpush:3.0.9] AndroidManifest.xml:95:13-98:29
162                <action android:name="android.intent.action.USER_PRESENT" />
162-->[cn.jiguang.sdk:jpush:3.0.9] AndroidManifest.xml:96:17-77
162-->[cn.jiguang.sdk:jpush:3.0.9] AndroidManifest.xml:96:25-74
163                <action android:name="android.net.conn.CONNECTIVITY_CHANGE" />
163-->[cn.jiguang.sdk:jpush:3.0.9] AndroidManifest.xml:97:17-79
163-->[cn.jiguang.sdk:jpush:3.0.9] AndroidManifest.xml:97:25-76
164            </intent-filter>
165            <!-- Optional -->
166            <intent-filter>
166-->[cn.jiguang.sdk:jpush:3.0.9] AndroidManifest.xml:100:13-105:29
167                <action android:name="android.intent.action.PACKAGE_ADDED" />
167-->[cn.jiguang.sdk:jpush:3.0.9] AndroidManifest.xml:101:17-78
167-->[cn.jiguang.sdk:jpush:3.0.9] AndroidManifest.xml:101:25-75
168                <action android:name="android.intent.action.PACKAGE_REMOVED" />
168-->[cn.jiguang.sdk:jpush:3.0.9] AndroidManifest.xml:102:17-80
168-->[cn.jiguang.sdk:jpush:3.0.9] AndroidManifest.xml:102:25-77
169
170                <data android:scheme="package" />
170-->[cn.jiguang.sdk:jpush:3.0.9] AndroidManifest.xml:104:17-50
170-->[cn.jiguang.sdk:jpush:3.0.9] AndroidManifest.xml:104:23-47
171            </intent-filter>
172        </receiver> <!-- Required SDK核心功能 -->
173        <receiver
173-->[cn.jiguang.sdk:jpush:3.0.9] AndroidManifest.xml:109:9-111:40
174            android:name="cn.jpush.android.service.AlarmReceiver"
174-->[cn.jiguang.sdk:jpush:3.0.9] AndroidManifest.xml:110:13-66
175            android:exported="false" /> <!-- since 3.0.9 Required SDK 核心功能 -->
175-->[cn.jiguang.sdk:jpush:3.0.9] AndroidManifest.xml:111:13-37
176        <provider
176-->[cn.jiguang.sdk:jpush:3.0.9] AndroidManifest.xml:113:9-116:39
177            android:name="cn.jpush.android.service.DataProvider"
177-->[cn.jiguang.sdk:jpush:3.0.9] AndroidManifest.xml:114:13-65
178            android:authorities="com.kotlin.mall.DataProvider"
178-->[cn.jiguang.sdk:jpush:3.0.9] AndroidManifest.xml:115:13-64
179            android:exported="true" />
179-->[cn.jiguang.sdk:jpush:3.0.9] AndroidManifest.xml:116:13-36
180
181        <activity android:name="com.soundcloud.android.crop.CropImageActivity" />
181-->[com.jph.takephoto:takephoto_library:4.0.3] AndroidManifest.xml:15:9-82
181-->[com.jph.takephoto:takephoto_library:4.0.3] AndroidManifest.xml:15:19-79
182
183        <provider
183-->[com.jph.takephoto:takephoto_library:4.0.3] AndroidManifest.xml:17:9-25:20
184            android:name="android.support.v4.content.FileProvider"
184-->[com.jph.takephoto:takephoto_library:4.0.3] AndroidManifest.xml:18:13-67
185            android:authorities="com.kotlin.mall.fileprovider"
185-->[com.jph.takephoto:takephoto_library:4.0.3] AndroidManifest.xml:19:13-64
186            android:exported="false"
186-->[com.jph.takephoto:takephoto_library:4.0.3] AndroidManifest.xml:20:13-37
187            android:grantUriPermissions="true" >
187-->[com.jph.takephoto:takephoto_library:4.0.3] AndroidManifest.xml:21:13-47
188            <meta-data
188-->[com.jph.takephoto:takephoto_library:4.0.3] AndroidManifest.xml:22:13-24:54
189                android:name="android.support.FILE_PROVIDER_PATHS"
189-->[com.jph.takephoto:takephoto_library:4.0.3] AndroidManifest.xml:23:17-67
190                android:resource="@xml/file_paths" />
190-->[com.jph.takephoto:takephoto_library:4.0.3] AndroidManifest.xml:24:17-51
191        </provider>
192
193        <activity
193-->[com.darsh.multipleimageselect:multipleimageselect:1.0.4] AndroidManifest.xml:16:9-24:20
194            android:name="com.darsh.multipleimageselect.activities.AlbumSelectActivity"
194-->[com.darsh.multipleimageselect:multipleimageselect:1.0.4] AndroidManifest.xml:17:13-88
195            android:configChanges="orientation|screenSize"
195-->[com.darsh.multipleimageselect:multipleimageselect:1.0.4] AndroidManifest.xml:18:13-59
196            android:label="@string/app_name"
196-->[com.darsh.multipleimageselect:multipleimageselect:1.0.4] AndroidManifest.xml:19:13-45
197            android:theme="@style/MultipleImageSelectTheme" >
197-->[com.darsh.multipleimageselect:multipleimageselect:1.0.4] AndroidManifest.xml:20:13-60
198            <intent-filter>
198-->[com.darsh.multipleimageselect:multipleimageselect:1.0.4] AndroidManifest.xml:21:13-23:29
199                <category android:name="android.intent.category.DEFAULT" />
199-->[cn.jiguang.sdk:jpush:3.0.9] AndroidManifest.xml:54:17-76
199-->[cn.jiguang.sdk:jpush:3.0.9] AndroidManifest.xml:54:27-73
200            </intent-filter>
201        </activity>
202        <activity
202-->[com.darsh.multipleimageselect:multipleimageselect:1.0.4] AndroidManifest.xml:25:9-33:20
203            android:name="com.darsh.multipleimageselect.activities.ImageSelectActivity"
203-->[com.darsh.multipleimageselect:multipleimageselect:1.0.4] AndroidManifest.xml:26:13-88
204            android:configChanges="orientation|screenSize"
204-->[com.darsh.multipleimageselect:multipleimageselect:1.0.4] AndroidManifest.xml:27:13-59
205            android:label="@string/app_name"
205-->[com.darsh.multipleimageselect:multipleimageselect:1.0.4] AndroidManifest.xml:28:13-45
206            android:theme="@style/MultipleImageSelectTheme" >
206-->[com.darsh.multipleimageselect:multipleimageselect:1.0.4] AndroidManifest.xml:29:13-60
207            <intent-filter>
207-->[com.darsh.multipleimageselect:multipleimageselect:1.0.4] AndroidManifest.xml:21:13-23:29
208                <category android:name="android.intent.category.DEFAULT" />
208-->[cn.jiguang.sdk:jpush:3.0.9] AndroidManifest.xml:54:17-76
208-->[cn.jiguang.sdk:jpush:3.0.9] AndroidManifest.xml:54:27-73
209            </intent-filter>
210        </activity>
211    </application>
212
213</manifest>